<?xml version="1.0" encoding="UTF-8"?>
<!-- Generated by org.testng.reporters.JUnitReportReporter -->
<testsuite hostname="HOME-PC" name="wait.commands.dublinWaitOne" tests="1" failures="0" timestamp="18 Feb 2017 01:41:23 GMT" time="0.009" errors="0">
  <testcase name="f" time="0.009" classname="wait.commands.dublinWaitOne"/>
</testsuite> <!-- wait.commands.dublinWaitOne -->
