<?xml version="1.0" encoding="UTF-8"?>
<!-- Generated by org.testng.reporters.JUnitReportReporter -->
<testsuite hostname="HOME-PC" name="testNgOne.AnnotationsOne" tests="3" failures="0" timestamp="15 Feb 2017 00:17:33 GMT" time="0.022" errors="0">
  <testcase name="testTwo" time="0.018" classname="testNgOne.AnnotationsOne"/>
  <testcase name="testThree" time="0.003" classname="testNgOne.AnnotationsOne"/>
  <testcase name="testOne" time="0.001" classname="testNgOne.AnnotationsOne"/>
</testsuite> <!-- testNgOne.AnnotationsOne -->
