<?xml version="1.0" encoding="UTF-8"?>
<!-- Generated by org.testng.reporters.JUnitReportReporter -->
<testsuite hostname="HOME-PC" name="wait.commands.WaitOne" tests="2" failures="0" timestamp="18 Feb 2017 01:31:20 GMT" time="14.765" errors="0">
  <testcase name="Autoloan" time="9.286" classname="wait.commands.WaitOne"/>
  <testcase name="Mortgage" time="5.479" classname="wait.commands.WaitOne"/>
</testsuite> <!-- wait.commands.WaitOne -->
