<?xml version="1.0" encoding="UTF-8"?>
<!-- Generated by org.testng.reporters.JUnitReportReporter -->
<testsuite hostname="HOME-PC" name="selectors.DropDown" tests="1" failures="0" timestamp="14 May 2017 01:18:03 GMT" time="9.529" errors="0">
  <testcase name="mortgage" time="9.529" classname="selectors.DropDown"/>
</testsuite> <!-- selectors.DropDown -->
