<?xml version="1.0" encoding="UTF-8"?>
<!-- Generated by org.testng.reporters.JUnitReportReporter -->
<testsuite hostname="HOME-PC" name="selectors.DropDownTwo" tests="1" failures="0" timestamp="14 Apr 2017 08:48:29 GMT" time="2.424" errors="0">
  <testcase name="f" time="2.424" classname="selectors.DropDownTwo"/>
</testsuite> <!-- selectors.DropDownTwo -->
