<?xml version="1.0" encoding="UTF-8"?>
<!-- Generated by org.testng.reporters.JUnitReportReporter -->
<testsuite hostname="HOME-PC" name="different.Browsers.IEOne" tests="1" failures="0" timestamp="20 Feb 2017 03:46:53 GMT" time="0.055" errors="0">
  <testcase name="f" time="0.055" classname="different.Browsers.IEOne"/>
</testsuite> <!-- different.Browsers.IEOne -->
