<?xml version="1.0" encoding="UTF-8"?>
<!-- Generated by org.testng.reporters.JUnitReportReporter -->
<testsuite hostname="HOME-PC" name="basics.PopupSignIn" tests="1" failures="0" timestamp="14 Apr 2017 09:45:30 GMT" time="0.299" errors="0">
  <testcase name="f" time="0.299" classname="basics.PopupSignIn"/>
</testsuite> <!-- basics.PopupSignIn -->
